Determining if the pthread_create exist failed with the following output:
Change Dir: /home/user/CLionProjects/a000-ocr-service/target/server/cmake-build-debug/CMakeFiles/CMakeTmp

Run Build Command:"/usr/bin/make" "cmTC_c95ea/fast"
/usr/bin/make -f CMakeFiles/cmTC_c95ea.dir/build.make CMakeFiles/cmTC_c95ea.dir/build
make[1]: Entering directory '/home/user/CLionProjects/a000-ocr-service/target/server/cmake-build-debug/CMakeFiles/CMakeTmp'
Building C object CMakeFiles/cmTC_c95ea.dir/CheckSymbolExists.c.o
/usr/bin/cc    -o CMakeFiles/cmTC_c95ea.dir/CheckSymbolExists.c.o   -c /home/user/CLionProjects/a000-ocr-service/target/server/cmake-build-debug/CMakeFiles/CMakeTmp/CheckSymbolExists.c
Linking C executable cmTC_c95ea
/opt/clion-2018.2/bin/cmake/linux/bin/cmake -E cmake_link_script CMakeFiles/cmTC_c95ea.dir/link.txt --verbose=1
/usr/bin/cc      CMakeFiles/cmTC_c95ea.dir/CheckSymbolExists.c.o  -o cmTC_c95ea 
CMakeFiles/cmTC_c95ea.dir/CheckSymbolExists.c.o: In function `main':
CheckSymbolExists.c:(.text+0x16): undefined reference to `pthread_create'
collect2: error: ld returned 1 exit status
CMakeFiles/cmTC_c95ea.dir/build.make:86: recipe for target 'cmTC_c95ea' failed
make[1]: *** [cmTC_c95ea] Error 1
make[1]: Leaving directory '/home/user/CLionProjects/a000-ocr-service/target/server/cmake-build-debug/CMakeFiles/CMakeTmp'
Makefile:121: recipe for target 'cmTC_c95ea/fast' failed
make: *** [cmTC_c95ea/fast] Error 2

File /home/user/CLionProjects/a000-ocr-service/target/server/cmake-build-debug/CMakeFiles/CMakeTmp/CheckSymbolExists.c:
/* */
#include <pthread.h>

int main(int argc, char** argv)
{
  (void)argv;
#ifndef pthread_create
  return ((int*)(&pthread_create))[argc];
#else
  (void)argc;
  return 0;
#endif
}

Determining if the function pthread_create exists in the pthreads failed with the following output:
Change Dir: /home/user/CLionProjects/a000-ocr-service/target/server/cmake-build-debug/CMakeFiles/CMakeTmp

Run Build Command:"/usr/bin/make" "cmTC_9c08d/fast"
/usr/bin/make -f CMakeFiles/cmTC_9c08d.dir/build.make CMakeFiles/cmTC_9c08d.dir/build
make[1]: Entering directory '/home/user/CLionProjects/a000-ocr-service/target/server/cmake-build-debug/CMakeFiles/CMakeTmp'
Building C object CMakeFiles/cmTC_9c08d.dir/CheckFunctionExists.c.o
/usr/bin/cc   -DCHECK_FUNCTION_EXISTS=pthread_create   -o CMakeFiles/cmTC_9c08d.dir/CheckFunctionExists.c.o   -c /opt/clion-2018.2/bin/cmake/linux/share/cmake-3.12/Modules/CheckFunctionExists.c
Linking C executable cmTC_9c08d
/opt/clion-2018.2/bin/cmake/linux/bin/cmake -E cmake_link_script CMakeFiles/cmTC_9c08d.dir/link.txt --verbose=1
/usr/bin/cc  -DCHECK_FUNCTION_EXISTS=pthread_create    CMakeFiles/cmTC_9c08d.dir/CheckFunctionExists.c.o  -o cmTC_9c08d -lpthreads 
/usr/bin/ld: cannot find -lpthreads
collect2: error: ld returned 1 exit status
CMakeFiles/cmTC_9c08d.dir/build.make:86: recipe for target 'cmTC_9c08d' failed
make[1]: *** [cmTC_9c08d] Error 1
make[1]: Leaving directory '/home/user/CLionProjects/a000-ocr-service/target/server/cmake-build-debug/CMakeFiles/CMakeTmp'
Makefile:121: recipe for target 'cmTC_9c08d/fast' failed
make: *** [cmTC_9c08d/fast] Error 2


