Determining if the pthread_create exist failed with the following output:
Change Dir: /home/user/CLionProjects/a000-ocr-service/target/Client/cmake-build-debug/CMakeFiles/CMakeTmp

Run Build Command:"/usr/bin/make" "cmTC_5cf06/fast"
/usr/bin/make -f CMakeFiles/cmTC_5cf06.dir/build.make CMakeFiles/cmTC_5cf06.dir/build
make[1]: Entering directory '/home/user/CLionProjects/a000-ocr-service/target/Client/cmake-build-debug/CMakeFiles/CMakeTmp'
Building C object CMakeFiles/cmTC_5cf06.dir/CheckSymbolExists.c.o
/usr/bin/cc    -o CMakeFiles/cmTC_5cf06.dir/CheckSymbolExists.c.o   -c /home/user/CLionProjects/a000-ocr-service/target/Client/cmake-build-debug/CMakeFiles/CMakeTmp/CheckSymbolExists.c
Linking C executable cmTC_5cf06
/opt/clion-2018.2/bin/cmake/linux/bin/cmake -E cmake_link_script CMakeFiles/cmTC_5cf06.dir/link.txt --verbose=1
/usr/bin/cc    -lboost_system -lpthread   CMakeFiles/cmTC_5cf06.dir/CheckSymbolExists.c.o  -o cmTC_5cf06 
CMakeFiles/cmTC_5cf06.dir/CheckSymbolExists.c.o: In function `main':
CheckSymbolExists.c:(.text+0x16): undefined reference to `pthread_create'
collect2: error: ld returned 1 exit status
CMakeFiles/cmTC_5cf06.dir/build.make:86: recipe for target 'cmTC_5cf06' failed
make[1]: *** [cmTC_5cf06] Error 1
make[1]: Leaving directory '/home/user/CLionProjects/a000-ocr-service/target/Client/cmake-build-debug/CMakeFiles/CMakeTmp'
Makefile:121: recipe for target 'cmTC_5cf06/fast' failed
make: *** [cmTC_5cf06/fast] Error 2

File /home/user/CLionProjects/a000-ocr-service/target/Client/cmake-build-debug/CMakeFiles/CMakeTmp/CheckSymbolExists.c:
/* */
#include <pthread.h>

int main(int argc, char** argv)
{
  (void)argv;
#ifndef pthread_create
  return ((int*)(&pthread_create))[argc];
#else
  (void)argc;
  return 0;
#endif
}

Determining if the function pthread_create exists in the pthreads failed with the following output:
Change Dir: /home/user/CLionProjects/a000-ocr-service/target/Client/cmake-build-debug/CMakeFiles/CMakeTmp

Run Build Command:"/usr/bin/make" "cmTC_e7a1f/fast"
/usr/bin/make -f CMakeFiles/cmTC_e7a1f.dir/build.make CMakeFiles/cmTC_e7a1f.dir/build
make[1]: Entering directory '/home/user/CLionProjects/a000-ocr-service/target/Client/cmake-build-debug/CMakeFiles/CMakeTmp'
Building C object CMakeFiles/cmTC_e7a1f.dir/CheckFunctionExists.c.o
/usr/bin/cc   -DCHECK_FUNCTION_EXISTS=pthread_create   -o CMakeFiles/cmTC_e7a1f.dir/CheckFunctionExists.c.o   -c /opt/clion-2018.2/bin/cmake/linux/share/cmake-3.12/Modules/CheckFunctionExists.c
Linking C executable cmTC_e7a1f
/opt/clion-2018.2/bin/cmake/linux/bin/cmake -E cmake_link_script CMakeFiles/cmTC_e7a1f.dir/link.txt --verbose=1
/usr/bin/cc  -DCHECK_FUNCTION_EXISTS=pthread_create  -lboost_system -lpthread   CMakeFiles/cmTC_e7a1f.dir/CheckFunctionExists.c.o  -o cmTC_e7a1f -lpthreads 
/usr/bin/ld: cannot find -lpthreads
collect2: error: ld returned 1 exit status
CMakeFiles/cmTC_e7a1f.dir/build.make:86: recipe for target 'cmTC_e7a1f' failed
make[1]: *** [cmTC_e7a1f] Error 1
make[1]: Leaving directory '/home/user/CLionProjects/a000-ocr-service/target/Client/cmake-build-debug/CMakeFiles/CMakeTmp'
Makefile:121: recipe for target 'cmTC_e7a1f/fast' failed
make: *** [cmTC_e7a1f/fast] Error 2


